<?xml version="1.0" encoding="UTF-8"?>
<testng-results ignored="0" total="1" passed="1" failed="0" skipped="0">
  <reporter-output>
  </reporter-output>
  <suite started-at="2023-03-24T19:23:39 CDT" name="Default suite" finished-at="2023-03-24T19:23:39 CDT" duration-ms="104">
    <groups>
    </groups>
    <test started-at="2023-03-24T19:23:39 CDT" name="Default test" finished-at="2023-03-24T19:23:39 CDT" duration-ms="104">
      <class name="practice.Parameters">
        <test-method signature="m1()[pri:0, instance:practice.Parameters@5ccddd20]" started-at="2023-03-24T19:23:39 CDT" name="m1" finished-at="2023-03-24T19:23:39 CDT" duration-ms="23" status="PASS">
          <reporter-output>
          </reporter-output>
        </test-method> <!-- m1 -->
      </class> <!-- practice.Parameters -->
    </test> <!-- Default test -->
  </suite> <!-- Default suite -->
</testng-results>
